<?xml version="1.0" encoding="UTF-8"?>
<!-- Generated by org.testng.reporters.JUnitReportReporter -->
<testsuite hostname="BLR300" failures="0" tests="1" name="tests.HRMModulesTest" time="51.477" errors="0" timestamp="2023-09-08T11:18:33 IST" skipped="0">
  <testcase classname="tests.HRMModulesTest" name="valiadtemodulestoggle" time="51.477"/>
  <system-out/>
</testsuite> <!-- tests.HRMModulesTest -->
