<?xml version="1.0" encoding="UTF-8"?>
<!-- Generated by org.testng.reporters.JUnitReportReporter -->
<testsuite hostname="BLR300" failures="0" tests="2" name="tests.HRMAdminTest" time="9.330" errors="0" timestamp="2023-09-05T18:56:08 IST" skipped="0">
  <testcase classname="tests.HRMAdminTest" name="clickonEmailconfig" time="2.514"/>
  <system-out/>
  <testcase classname="tests.HRMAdminTest" name="clickonAdmin" time="6.816"/>
  <system-out/>
</testsuite> <!-- tests.HRMAdminTest -->
