<?xml version="1.0" encoding="UTF-8"?>
<!-- Generated by org.testng.reporters.JUnitReportReporter -->
<testsuite hostname="BLR300" failures="0" tests="5" name="tests.HRMEmailSubscriptionTest" time="279.007" errors="0" timestamp="2023-09-07T19:33:13 IST" skipped="0">
  <testcase classname="tests.HRMEmailSubscriptionTest" name="clickonLeaveapprovals" time="63.934"/>
  <system-out/>
  <testcase classname="tests.HRMEmailSubscriptionTest" name="clickonLeavecancellation" time="51.565"/>
  <system-out/>
  <testcase classname="tests.HRMEmailSubscriptionTest" name="clickonLeaveassignments" time="62.134"/>
  <system-out/>
  <testcase classname="tests.HRMEmailSubscriptionTest" name="clickonLeaveapplication" time="52.118"/>
  <system-out/>
  <testcase classname="tests.HRMEmailSubscriptionTest" name="clickonLeaverejection" time="49.256"/>
  <system-out/>
</testsuite> <!-- tests.HRMEmailSubscriptionTest -->
