<?xml version="1.0" encoding="UTF-8"?>
<!-- Generated by org.testng.reporters.JUnitReportReporter -->
<testsuite hostname="BLR300" failures="0" tests="1" name="tests.HRMAdminTest2" time="4.718" errors="0" timestamp="2023-09-05T15:36:44 IST" skipped="0">
  <testcase classname="tests.HRMAdminTest2" name="clickonconfig2" time="4.718"/>
  <system-out/>
</testsuite> <!-- tests.HRMAdminTest2 -->
