<?xml version="1.0" encoding="UTF-8"?>
<!-- Generated by org.testng.reporters.JUnitReportReporter -->
<testsuite hostname="BLR300" failures="0" tests="1" name="tests.GoogleSearchTest" time="3.442" errors="0" timestamp="2023-09-04T22:36:44 IST" skipped="0">
  <testcase classname="tests.GoogleSearchTest" name="googleSearchTest" time="3.442"/>
  <system-out/>
</testsuite> <!-- tests.GoogleSearchTest -->
