<?xml version="1.0" encoding="UTF-8"?>
<!-- Generated by org.testng.reporters.JUnitReportReporter -->
<testsuite hostname="BLR300" failures="0" tests="2" name="tests.HRMOAuthClientTest" time="84.289" errors="0" timestamp="2023-09-08T12:02:19 IST" skipped="0">
  <testcase classname="tests.HRMOAuthClientTest" name="clickonOAuthClientConfig" time="33.339"/>
  <system-out/>
  <testcase classname="tests.HRMOAuthClientTest" name="clickonaddOAuthClientConfig" time="50.950"/>
  <system-out/>
</testsuite> <!-- tests.HRMOAuthClientTest -->
