<?xml version="1.0" encoding="UTF-8"?>
<!-- Generated by org.testng.reporters.JUnitReportReporter -->
<testsuite hostname="BLR300" failures="0" tests="2" name="tests.HRMLocalizationTest" time="64.295" errors="0" timestamp="2023-09-07T21:20:51 IST" skipped="0">
  <testcase classname="tests.HRMLocalizationTest" name="ValidateLocalizationpage" time="31.797"/>
  <system-out/>
  <testcase classname="tests.HRMLocalizationTest" name="ValidateLocalizationSavebutton" time="32.498"/>
  <system-out/>
</testsuite> <!-- tests.HRMLocalizationTest -->
